[debug] [2025-11-09T03:23:02.144Z] ----------------------------------------------------------------------
[debug] [2025-11-09T03:23:02.149Z] Command:       /Users/mabele/.nvm/versions/node/v23.1.0/bin/node /Users/mabele/.nvm/versions/node/v23.1.0/bin/firebase init
[debug] [2025-11-09T03:23:02.149Z] CLI Version:   14.22.0
[debug] [2025-11-09T03:23:02.149Z] Platform:      darwin
[debug] [2025-11-09T03:23:02.149Z] Node Version:  v23.1.0
[debug] [2025-11-09T03:23:02.149Z] Time:          Sat Nov 08 2025 22:23:02 GMT-0500 (Eastern Standard Time)
[debug] [2025-11-09T03:23:02.150Z] ----------------------------------------------------------------------
[debug] 
[debug] [2025-11-09T03:23:02.150Z] >>> [apiv2][query] GET https://firebase-public.firebaseio.com/cli.json [none]
[info] 
     ######## #### ########  ######## ########     ###     ######  ########
     ##        ##  ##     ## ##       ##     ##  ##   ##  ##       ##
     ######    ##  ########  ######   ########  #########  ######  ######
     ##        ##  ##    ##  ##       ##     ## ##     ##       ## ##
     ##       #### ##     ## ######## ########  ##     ##  ######  ########

You're about to initialize a Firebase project in this directory:

  /Users/mabele/aResume/Business Projects/Test/QuickTrash

Before we get started, keep in mind:

  * You are initializing within an existing Firebase project directory

[debug] [2025-11-09T03:23:02.368Z] <<< [apiv2][status] GET https://firebase-public.firebaseio.com/cli.json 200
[debug] [2025-11-09T03:23:02.368Z] <<< [apiv2][body] GET https://firebase-public.firebaseio.com/cli.json {"cloudBuildErrorAfter":1594252800000,"cloudBuildWarnAfter":1590019200000,"defaultNode10After":1594252800000,"minVersion":"3.0.5","node8DeploysDisabledAfter":1613390400000,"node8RuntimeDisabledAfter":1615809600000,"node8WarnAfter":1600128000000}
[debug] [2025-11-09T03:25:32.569Z] ExitPromptError: User force closed the prompt with SIGINT
    at Interface.sigint (/Users/mabele/.nvm/versions/node/v23.1.0/lib/node_modules/firebase-tools/node_modules/@inquirer/core/dist/commonjs/lib/create-prompt.js:101:37)
    at Interface.emit (node:events:507:28)
    at Interface.emit (node:domain:489:12)
    at [_ttyWrite] [as _ttyWrite] (node:internal/readline/interface:1125:18)
    at ReadStream.onkeypress (node:internal/readline/interface:264:20)
    at ReadStream.emit (node:events:519:35)
    at ReadStream.emit (node:domain:489:12)
    at emitKeys (node:internal/readline/utils:370:14)
    at emitKeys.next (<anonymous>)
    at ReadStream.onData (node:internal/readline/emitKeypressEvents:64:36)
[error] 
[error] Error: An unexpected error has occurred.
